[2024-07-17 00:06:16] local.INFO: {"name":"yipchimin","amount":"38.83","api_id":298,"time":"20240717000616","type":1,"before_amount":"1346.16","api_name":"PG","date":"2024-07-17 00:06:16"}  
[2024-07-17 01:02:50] local.INFO: {"name":"jojo0703","amount":"35.02","api_id":286,"time":"20240717010250","type":1,"before_amount":"-67472.63","api_name":"JD","date":"2024-07-17 01:02:50"}  
[2024-07-17 01:03:04] local.INFO: {"name":"jojo0703","amount":"35.02","api_id":642,"time":"20240717010304","type":1,"before_amount":"-35780.60","api_name":"JK","date":"2024-07-17 01:03:04"}  
[2024-07-17 01:03:15] local.INFO: {"name":"jojo0703","amount":"35.02","api_id":272,"time":"20240717010315","type":1,"before_amount":"10501.32","api_name":"CQ","date":"2024-07-17 01:03:15"}  
[2024-07-17 01:03:30] local.INFO: {"name":"jojo0703","amount":"35.02","api_id":276,"time":"20240717010330","type":1,"before_amount":"-8830.29","api_name":"PN","date":"2024-07-17 01:03:30"}  
[2024-07-17 01:03:38] local.INFO: {"name":"jojo0703","amount":"35.02","api_id":276,"time":"20240717010338","type":1,"before_amount":"-8830.29","api_name":"PN","date":"2024-07-17 01:03:38"}  
[2024-07-17 01:04:06] local.INFO: {"name":"jojo0703","amount":"35.02","api_id":343,"time":"20240717010406","type":1,"before_amount":"-12166.64","api_name":"TH","date":"2024-07-17 01:04:06"}  
[2024-07-17 01:04:30] local.INFO: {"name":"jojo0703","amount":"35.02","api_id":642,"time":"20240717010430","type":1,"before_amount":"-35780.60","api_name":"JK","date":"2024-07-17 01:04:30"}  
[2024-07-17 01:04:47] local.INFO: {"name":"jojo0703","amount":"35.02","api_id":298,"time":"20240717010447","type":1,"before_amount":"1308.16","api_name":"PG","date":"2024-07-17 01:04:47"}  
[2024-07-17 02:45:42] local.INFO: {"name":"yipchimin","amount":28,"api_id":298,"time":"20240717024542","type":2,"after_money":"1273.14","api_name":"PG","date":"2024-07-17 02:45:42"}  
[2024-07-17 02:45:53] local.INFO: {"name":"yipchimin","amount":"28.83","api_id":298,"time":"20240717024553","type":1,"before_amount":"1301.14","api_name":"PG","date":"2024-07-17 02:45:53"}  
[2024-07-17 02:58:42] local.INFO: {"name":"yipchimin","amount":"23.83","api_id":298,"time":"20240717025842","type":1,"before_amount":"1272.31","api_name":"PG","date":"2024-07-17 02:58:42"}  
[2024-07-17 03:19:45] local.INFO: {"name":"yipchimin","amount":"1.76","api_id":298,"time":"20240717031945","type":1,"before_amount":"1248.48","api_name":"PG","date":"2024-07-17 03:19:45"}  
[2024-07-17 04:57:05] local.INFO: 管理员IP182.239.122.20--管理员ID->2  
[2024-07-17 04:57:25] local.INFO: {"name":"ngai8888","amount":"100.74","api_id":298,"time":"20240717045725","type":1,"before_amount":"1246.72","api_name":"PG","date":"2024-07-17 04:57:25"}  
[2024-07-17 05:02:04] local.INFO: 管理员IP182.239.122.20--管理员ID->2  
[2024-07-17 05:03:19] local.INFO: {"name":"ngai8888","amount":"200.74","api_id":298,"time":"20240717050319","type":1,"before_amount":"1149.16","api_name":"PG","date":"2024-07-17 05:03:19"}  
[2024-07-17 05:15:20] local.INFO: 管理员IP182.239.122.20--管理员ID->2  
[2024-07-17 05:16:00] local.INFO: {"name":"ngai8888","amount":"200.74","api_id":298,"time":"20240717051600","type":1,"before_amount":"949.16","api_name":"PG","date":"2024-07-17 05:16:00"}  
[2024-07-17 05:19:27] local.INFO: {"name":"ngai8888","amount":"5.47","api_id":298,"time":"20240717051927","type":1,"before_amount":"748.42","api_name":"PG","date":"2024-07-17 05:19:27"}  
[2024-07-17 07:01:34] local.INFO: {"name":"ngai8888","amount":"2.70","api_id":298,"time":"20240717070134","type":1,"before_amount":"742.95","api_name":"PG","date":"2024-07-17 07:01:34"}  
[2024-07-17 11:46:00] local.INFO: 管理员IP182.239.119.131--管理员ID->2  
[2024-07-17 11:47:59] local.INFO: {"name":"qrsy123","amount":"300.00","api_id":298,"time":"20240717114759","type":1,"before_amount":"742.16","api_name":"PG","date":"2024-07-17 11:47:59"}  
[2024-07-17 13:10:26] local.INFO: 管理员IP182.239.119.131--管理员ID->2  
[2024-07-17 13:10:39] local.INFO: {"name":"ngai8888","amount":"100.70","api_id":298,"time":"20240717131039","type":1,"before_amount":"442.16","api_name":"PG","date":"2024-07-17 13:10:39"}  
[2024-07-17 14:33:00] local.INFO: {"name":"yipchimin","amount":"1.77","api_id":298,"time":"20240717143300","type":1,"before_amount":"341.46","api_name":"PG","date":"2024-07-17 14:33:00"}  
[2024-07-17 15:01:09] local.INFO: 管理员IP182.239.119.131--管理员ID->2  
[2024-07-17 15:05:22] local.INFO: {"name":"yipchimin","amount":"20","api_id":298,"time":"20240717150522","type":1,"before_amount":"339.69","api_name":"PG","date":"2024-07-17 15:05:22"}  
[2024-07-17 15:16:28] local.INFO: {"name":"yipchimin","amount":"20","api_id":298,"time":"20240717151628","type":1,"before_amount":"319.69","api_name":"PG","date":"2024-07-17 15:16:28"}  
[2024-07-17 15:27:21] local.INFO: {"name":"yipchimin","amount":"20","api_id":298,"time":"20240717152721","type":1,"before_amount":"299.69","api_name":"PG","date":"2024-07-17 15:27:21"}  
[2024-07-17 15:29:09] local.INFO: {"name":"yipchimin","amount":"20","api_id":298,"time":"20240717152909","type":1,"before_amount":"279.69","api_name":"PG","date":"2024-07-17 15:29:09"}  
[2024-07-17 15:31:49] local.INFO: {"name":"yipchimin","amount":"20","api_id":298,"time":"20240717153149","type":1,"before_amount":"259.69","api_name":"PG","date":"2024-07-17 15:31:49"}  
[2024-07-17 17:29:27] local.INFO: {"name":"yipchimin","amount":"2.73","api_id":298,"time":"20240717172927","type":1,"before_amount":"239.69","api_name":"PG","date":"2024-07-17 17:29:27"}  
