[2024-07-15 00:29:21] local.INFO: {"name":"yipchimin","amount":1,"api_id":298,"time":"20240715002921","type":2,"after_money":"1627.16","api_name":"PG","date":"2024-07-15 00:29:21"}  
[2024-07-15 00:29:27] local.INFO: {"name":"yipchimin","amount":"20","api_id":298,"time":"20240715002927","type":1,"before_amount":"1628.16","api_name":"PG","date":"2024-07-15 00:29:27"}  
[2024-07-15 00:36:21] local.INFO: {"name":"yipchimin","amount":"31.43","api_id":272,"time":"20240715003621","type":1,"before_amount":"10521.75","api_name":"CQ","date":"2024-07-15 00:36:21"}  
[2024-07-15 00:44:49] local.INFO: {"name":"yipchimin","amount":31,"api_id":272,"time":"20240715004449","type":2,"after_money":"10490.32","api_name":"CQ","date":"2024-07-15 00:44:49"}  
[2024-07-15 00:44:56] local.INFO: {"name":"yipchimin","amount":"31.43","api_id":298,"time":"20240715004456","type":1,"before_amount":"1608.16","api_name":"PG","date":"2024-07-15 00:44:56"}  
[2024-07-15 00:46:14] local.INFO: {"name":"jojo0703","amount":3,"api_id":286,"time":"20240715004614","type":2,"after_money":"-67008.04","api_name":"JD","date":"2024-07-15 00:46:14"}  
[2024-07-15 00:50:18] local.INFO: {"name":"yipchimin","amount":"11.52","api_id":298,"time":"20240715005018","type":1,"before_amount":"1577.16","api_name":"PG","date":"2024-07-15 00:50:18"}  
[2024-07-15 00:55:28] local.INFO: {"name":"jojo0703","amount":"181.24","api_id":286,"time":"20240715005528","type":1,"before_amount":"-67005.04","api_name":"JD","date":"2024-07-15 00:55:28"}  
[2024-07-15 01:34:25] local.INFO: 管理员IP182.239.117.153--管理员ID->2  
[2024-07-15 01:34:43] local.INFO: {"name":"jojo0703","amount":"240.32","api_id":286,"time":"20240715013443","type":1,"before_amount":"-67186.28","api_name":"JD","date":"2024-07-15 01:34:43"}  
[2024-07-15 02:03:55] local.INFO: 管理员IP182.239.117.153--管理员ID->2  
[2024-07-15 02:05:30] local.INFO: {"name":"yipchimin","amount":"20","api_id":298,"time":"20240715020530","type":1,"before_amount":"1566.16","api_name":"PG","date":"2024-07-15 02:05:30"}  
[2024-07-15 02:07:53] local.INFO: {"name":"yipchimin","amount":"20","api_id":298,"time":"20240715020753","type":1,"before_amount":"1546.16","api_name":"PG","date":"2024-07-15 02:07:53"}  
[2024-07-15 02:14:18] local.INFO: {"name":"yipchimin","amount":"20","api_id":298,"time":"20240715021418","type":1,"before_amount":"1526.16","api_name":"PG","date":"2024-07-15 02:14:18"}  
[2024-07-15 02:57:40] local.INFO: {"name":"yipchimin","amount":"20","api_id":298,"time":"20240715025740","type":1,"before_amount":"1506.16","api_name":"PG","date":"2024-07-15 02:57:40"}  
[2024-07-15 03:03:21] local.INFO: {"name":"yipchimin","amount":"20","api_id":298,"time":"20240715030321","type":1,"before_amount":"1486.16","api_name":"PG","date":"2024-07-15 03:03:21"}  
[2024-07-15 03:11:26] local.INFO: {"name":"yipchimin","amount":"4.69","api_id":298,"time":"20240715031126","type":1,"before_amount":"1466.16","api_name":"PG","date":"2024-07-15 03:11:26"}  
[2024-07-15 03:20:21] local.INFO: {"name":"jojo0703","amount":"87.34","api_id":286,"time":"20240715032021","type":1,"before_amount":"-67426.60","api_name":"JD","date":"2024-07-15 03:20:21"}  
[2024-07-15 03:20:38] local.INFO: {"name":"jojo0703","amount":"87.34","api_id":286,"time":"20240715032038","type":1,"before_amount":"-67426.60","api_name":"JD","date":"2024-07-15 03:20:38"}  
[2024-07-15 03:21:06] local.INFO: {"name":"jojo0703","amount":"87.34","api_id":286,"time":"20240715032106","type":1,"before_amount":"-67426.60","api_name":"JD","date":"2024-07-15 03:21:06"}  
[2024-07-15 03:22:04] local.INFO: {"name":"jojo0703","amount":"87.34","api_id":286,"time":"20240715032204","type":1,"before_amount":"-67426.60","api_name":"JD","date":"2024-07-15 03:22:04"}  
[2024-07-15 03:23:24] local.INFO: {"name":"jojo0703","amount":"87.34","api_id":286,"time":"20240715032324","type":1,"before_amount":"-67426.60","api_name":"JD","date":"2024-07-15 03:23:24"}  
[2024-07-15 03:25:15] local.INFO: {"name":"jojo0703","amount":"87.34","api_id":286,"time":"20240715032515","type":1,"before_amount":"-67426.60","api_name":"JD","date":"2024-07-15 03:25:15"}  
[2024-07-15 03:25:42] local.INFO: {"name":"jojo0703","amount":"87.34","api_id":286,"time":"20240715032542","type":1,"before_amount":"-67426.60","api_name":"JD","date":"2024-07-15 03:25:42"}  
[2024-07-15 03:26:40] local.INFO: {"name":"jojo0703","amount":"87.34","api_id":286,"time":"20240715032640","type":1,"before_amount":"-67426.60","api_name":"JD","date":"2024-07-15 03:26:40"}  
[2024-07-15 03:27:05] local.INFO: {"name":"jojo0703","amount":"87.34","api_id":298,"time":"20240715032705","type":1,"before_amount":"1461.47","api_name":"PG","date":"2024-07-15 03:27:05"}  
[2024-07-15 07:35:56] local.INFO: {"name":"yipchimin","amount":"1.37","api_id":298,"time":"20240715073556","type":1,"before_amount":"1374.13","api_name":"PG","date":"2024-07-15 07:35:56"}  
[2024-07-15 11:55:50] local.INFO: {"name":"jojo0703","amount":140,"api_id":298,"time":"20240715115550","type":2,"after_money":"1372.76","api_name":"PG","date":"2024-07-15 11:55:50"}  
[2024-07-15 13:07:05] local.INFO: 管理员IP182.239.121.82--管理员ID->2  
[2024-07-15 13:14:59] local.INFO: {"name":"yipchimin","amount":"20","api_id":298,"time":"20240715131459","type":1,"before_amount":"1514.16","api_name":"PG","date":"2024-07-15 13:14:59"}  
[2024-07-15 13:17:24] local.INFO: {"name":"yipchimin","amount":"20","api_id":298,"time":"20240715131724","type":1,"before_amount":"1494.16","api_name":"PG","date":"2024-07-15 13:17:24"}  
[2024-07-15 13:22:46] local.INFO: {"name":"yipchimin","amount":"20","api_id":298,"time":"20240715132246","type":1,"before_amount":"1474.16","api_name":"PG","date":"2024-07-15 13:22:46"}  
[2024-07-15 13:24:47] local.INFO: {"name":"yipchimin","amount":"20","api_id":298,"time":"20240715132447","type":1,"before_amount":"1454.16","api_name":"PG","date":"2024-07-15 13:24:47"}  
[2024-07-15 14:21:23] local.INFO: {"name":"yipchimin","amount":"20.37","api_id":298,"time":"20240715142123","type":1,"before_amount":"1434.16","api_name":"PG","date":"2024-07-15 14:21:23"}  
[2024-07-15 14:38:18] local.INFO: {"name":"yipchimin","amount":"1.06","api_id":298,"time":"20240715143818","type":1,"before_amount":"1414.16","api_name":"PG","date":"2024-07-15 14:38:18"}  
[2024-07-15 17:35:52] local.INFO: {"name":"jojo0703","amount":"140.34","api_id":286,"time":"20240715173552","type":1,"before_amount":"-67426.60","api_name":"JD","date":"2024-07-15 17:35:52"}  
[2024-07-15 17:38:15] local.INFO: {"name":"jojo0703","amount":"140.34","api_id":642,"time":"20240715173815","type":1,"before_amount":"-35780.60","api_name":"JK","date":"2024-07-15 17:38:15"}  
[2024-07-15 17:38:29] local.INFO: {"name":"jojo0703","amount":"140.34","api_id":298,"time":"20240715173829","type":1,"before_amount":"1413.10","api_name":"PG","date":"2024-07-15 17:38:29"}  
