[2024-07-14 01:37:34] local.INFO: {"name":"jojo0703","amount":"175.27","api_id":286,"time":"20240714013734","type":1,"before_amount":"-65598.35","api_name":"JD","date":"2024-07-14 01:37:34"}  
[2024-07-14 02:44:27] local.INFO: 管理员IP182.239.87.120--管理员ID->2  
[2024-07-14 02:47:34] local.INFO: {"name":"jojo0703","amount":"129.07","api_id":286,"time":"20240714024734","type":1,"before_amount":"-65773.62","api_name":"JD","date":"2024-07-14 02:47:34"}  
[2024-07-14 05:13:20] local.INFO: {"name":"jojo0703","amount":"62.99","api_id":286,"time":"20240714051320","type":1,"before_amount":"-65902.69","api_name":"JD","date":"2024-07-14 05:13:20"}  
[2024-07-14 05:22:03] local.INFO: 管理员IP182.239.87.120--管理员ID->2  
[2024-07-14 05:22:58] local.INFO: {"name":"jojo0703","amount":"106.01","api_id":286,"time":"20240714052258","type":1,"before_amount":"-65965.68","api_name":"JD","date":"2024-07-14 05:22:58"}  
[2024-07-14 08:00:12] local.ERROR: ErrorException: Trying to get property 'id' of non-object in /www/wwwroot/2ddjjcs/lijun/app/Http/Controllers/Wap/IndexController.php:217
Stack trace:
#0 /www/wwwroot/2ddjjcs/lijun/app/Http/Controllers/Wap/IndexController.php(217): Illuminate\Foundation\Bootstrap\HandleExceptions->handleError(8, 'Trying to get p...', '/www/wwwroot/2d...', 217, Array)
#1 [internal function]: App\Http\Controllers\Wap\IndexController->fs_money()
#2 /www/wwwroot/2ddjjcs/lijun/vendor/laravel/framework/src/Illuminate/Routing/Controller.php(55): call_user_func_array(Array, Array)
#3 /www/wwwroot/2ddjjcs/lijun/vendor/laravel/framework/src/Illuminate/Routing/ControllerDispatcher.php(44): Illuminate\Routing\Controller->callAction('fs_money', Array)
#4 /www/wwwroot/2ddjjcs/lijun/vendor/laravel/framework/src/Illuminate/Routing/Route.php(203): Illuminate\Routing\ControllerDispatcher->dispatch(Object(Illuminate\Routing\Route), Object(App\Http\Controllers\Wap\IndexController), 'fs_money')
#5 /www/wwwroot/2ddjjcs/lijun/vendor/laravel/framework/src/Illuminate/Routing/Route.php(160): Illuminate\Routing\Route->runController()
#6 /www/wwwroot/2ddjjcs/lijun/vendor/laravel/framework/src/Illuminate/Routing/Router.php(574): Illuminate\Routing\Route->run()
#7 /www/wwwroot/2ddjjcs/lijun/vendor/laravel/framework/src/Illuminate/Routing/Pipeline.php(30): Illuminate\Routing\Router->Illuminate\Routing\{closure}(Object(Illuminate\Http\Request))
#8 /www/wwwroot/2ddjjcs/lijun/app/Http/Middleware/WebMainTain.php(50): Illuminate\Routing\Pipeline->Illuminate\Routing\{closure}(Object(Illuminate\Http\Request))
#9 /www/wwwroot/2ddjjcs/lijun/vendor/laravel/framework/src/Illuminate/Pipeline/Pipeline.php(148): App\Http\Middleware\WebMainTain->handle(Object(Illuminate\Http\Request), Object(Closure))
#10 /www/wwwroot/2ddjjcs/lijun/vendor/laravel/framework/src/Illuminate/Routing/Pipeline.php(53): Illuminate\Pipeline\Pipeline->Illuminate\Pipeline\{closure}(Object(Illuminate\Http\Request))
#11 /www/wwwroot/2ddjjcs/lijun/vendor/laravel/framework/src/Illuminate/Routing/Middleware/SubstituteBindings.php(41): Illuminate\Routing\Pipeline->Illuminate\Routing\{closure}(Object(Illuminate\Http\Request))
#12 /www/wwwroot/2ddjjcs/lijun/vendor/laravel/framework/src/Illuminate/Pipeline/Pipeline.php(148): Illuminate\Routing\Middleware\SubstituteBindings->handle(Object(Illuminate\Http\Request), Object(Closure))
#13 /www/wwwroot/2ddjjcs/lijun/vendor/laravel/framework/src/Illuminate/Routing/Pipeline.php(53): Illuminate\Pipeline\Pipeline->Illuminate\Pipeline\{closure}(Object(Illuminate\Http\Request))
#14 /www/wwwroot/2ddjjcs/lijun/vendor/laravel/framework/src/Illuminate/View/Middleware/ShareErrorsFromSession.php(49): Illuminate\Routing\Pipeline->Illuminate\Routing\{closure}(Object(Illuminate\Http\Request))
#15 /www/wwwroot/2ddjjcs/lijun/vendor/laravel/framework/src/Illuminate/Pipeline/Pipeline.php(148): Illuminate\View\Middleware\ShareErrorsFromSession->handle(Object(Illuminate\Http\Request), Object(Closure))
#16 /www/wwwroot/2ddjjcs/lijun/vendor/laravel/framework/src/Illuminate/Routing/Pipeline.php(53): Illuminate\Pipeline\Pipeline->Illuminate\Pipeline\{closure}(Object(Illuminate\Http\Request))
#17 /www/wwwroot/2ddjjcs/lijun/vendor/laravel/framework/src/Illuminate/Session/Middleware/StartSession.php(64): Illuminate\Routing\Pipeline->Illuminate\Routing\{closure}(Object(Illuminate\Http\Request))
#18 /www/wwwroot/2ddjjcs/lijun/vendor/laravel/framework/src/Illuminate/Pipeline/Pipeline.php(148): Illuminate\Session\Middleware\StartSession->handle(Object(Illuminate\Http\Request), Object(Closure))
#19 /www/wwwroot/2ddjjcs/lijun/vendor/laravel/framework/src/Illuminate/Routing/Pipeline.php(53): Illuminate\Pipeline\Pipeline->Illuminate\Pipeline\{closure}(Object(Illuminate\Http\Request))
#20 /www/wwwroot/2ddjjcs/lijun/vendor/laravel/framework/src/Illuminate/Cookie/Middleware/AddQueuedCookiesToResponse.php(37): Illuminate\Routing\Pipeline->Illuminate\Routing\{closure}(Object(Illuminate\Http\Request))
#21 /www/wwwroot/2ddjjcs/lijun/vendor/laravel/framework/src/Illuminate/Pipeline/Pipeline.php(148): Illuminate\Cookie\Middleware\AddQueuedCookiesToResponse->handle(Object(Illuminate\Http\Request), Object(Closure))
#22 /www/wwwroot/2ddjjcs/lijun/vendor/laravel/framework/src/Illuminate/Routing/Pipeline.php(53): Illuminate\Pipeline\Pipeline->Illuminate\Pipeline\{closure}(Object(Illuminate\Http\Request))
#23 /www/wwwroot/2ddjjcs/lijun/vendor/laravel/framework/src/Illuminate/Cookie/Middleware/EncryptCookies.php(59): Illuminate\Routing\Pipeline->Illuminate\Routing\{closure}(Object(Illuminate\Http\Request))
#24 /www/wwwroot/2ddjjcs/lijun/vendor/laravel/framework/src/Illuminate/Pipeline/Pipeline.php(148): Illuminate\Cookie\Middleware\EncryptCookies->handle(Object(Illuminate\Http\Request), Object(Closure))
#25 /www/wwwroot/2ddjjcs/lijun/vendor/laravel/framework/src/Illuminate/Routing/Pipeline.php(53): Illuminate\Pipeline\Pipeline->Illuminate\Pipeline\{closure}(Object(Illuminate\Http\Request))
#26 /www/wwwroot/2ddjjcs/lijun/vendor/laravel/framework/src/Illuminate/Pipeline/Pipeline.php(102): Illuminate\Routing\Pipeline->Illuminate\Routing\{closure}(Object(Illuminate\Http\Request))
#27 /www/wwwroot/2ddjjcs/lijun/vendor/laravel/framework/src/Illuminate/Routing/Router.php(576): Illuminate\Pipeline\Pipeline->then(Object(Closure))
#28 /www/wwwroot/2ddjjcs/lijun/vendor/laravel/framework/src/Illuminate/Routing/Router.php(535): Illuminate\Routing\Router->runRouteWithinStack(Object(Illuminate\Routing\Route), Object(Illuminate\Http\Request))
#29 /www/wwwroot/2ddjjcs/lijun/vendor/laravel/framework/src/Illuminate/Routing/Router.php(513): Illuminate\Routing\Router->dispatchToRoute(Object(Illuminate\Http\Request))
#30 /www/wwwroot/2ddjjcs/lijun/vendor/laravel/framework/src/Illuminate/Foundation/Http/Kernel.php(176): Illuminate\Routing\Router->dispatch(Object(Illuminate\Http\Request))
#31 /www/wwwroot/2ddjjcs/lijun/vendor/laravel/framework/src/Illuminate/Routing/Pipeline.php(30): Illuminate\Foundation\Http\Kernel->Illuminate\Foundation\Http\{closure}(Object(Illuminate\Http\Request))
#32 /www/wwwroot/2ddjjcs/lijun/vendor/laravel/framework/src/Illuminate/Foundation/Http/Middleware/TransformsRequest.php(30): Illuminate\Routing\Pipeline->Illuminate\Routing\{closure}(Object(Illuminate\Http\Request))
#33 /www/wwwroot/2ddjjcs/lijun/vendor/laravel/framework/src/Illuminate/Pipeline/Pipeline.php(148): Illuminate\Foundation\Http\Middleware\TransformsRequest->handle(Object(Illuminate\Http\Request), Object(Closure))
#34 /www/wwwroot/2ddjjcs/lijun/vendor/laravel/framework/src/Illuminate/Routing/Pipeline.php(53): Illuminate\Pipeline\Pipeline->Illuminate\Pipeline\{closure}(Object(Illuminate\Http\Request))
#35 /www/wwwroot/2ddjjcs/lijun/vendor/laravel/framework/src/Illuminate/Foundation/Http/Middleware/TransformsRequest.php(30): Illuminate\Routing\Pipeline->Illuminate\Routing\{closure}(Object(Illuminate\Http\Request))
#36 /www/wwwroot/2ddjjcs/lijun/vendor/laravel/framework/src/Illuminate/Pipeline/Pipeline.php(148): Illuminate\Foundation\Http\Middleware\TransformsRequest->handle(Object(Illuminate\Http\Request), Object(Closure))
#37 /www/wwwroot/2ddjjcs/lijun/vendor/laravel/framework/src/Illuminate/Routing/Pipeline.php(53): Illuminate\Pipeline\Pipeline->Illuminate\Pipeline\{closure}(Object(Illuminate\Http\Request))
#38 /www/wwwroot/2ddjjcs/lijun/vendor/laravel/framework/src/Illuminate/Foundation/Http/Middleware/ValidatePostSize.php(27): Illuminate\Routing\Pipeline->Illuminate\Routing\{closure}(Object(Illuminate\Http\Request))
#39 /www/wwwroot/2ddjjcs/lijun/vendor/laravel/framework/src/Illuminate/Pipeline/Pipeline.php(148): Illuminate\Foundation\Http\Middleware\ValidatePostSize->handle(Object(Illuminate\Http\Request), Object(Closure))
#40 /www/wwwroot/2ddjjcs/lijun/vendor/laravel/framework/src/Illuminate/Routing/Pipeline.php(53): Illuminate\Pipeline\Pipeline->Illuminate\Pipeline\{closure}(Object(Illuminate\Http\Request))
#41 /www/wwwroot/2ddjjcs/lijun/vendor/laravel/framework/src/Illuminate/Foundation/Http/Middleware/CheckForMaintenanceMode.php(46): Illuminate\Routing\Pipeline->Illuminate\Routing\{closure}(Object(Illuminate\Http\Request))
#42 /www/wwwroot/2ddjjcs/lijun/vendor/laravel/framework/src/Illuminate/Pipeline/Pipeline.php(148): Illuminate\Foundation\Http\Middleware\CheckForMaintenanceMode->handle(Object(Illuminate\Http\Request), Object(Closure))
#43 /www/wwwroot/2ddjjcs/lijun/vendor/laravel/framework/src/Illuminate/Routing/Pipeline.php(53): Illuminate\Pipeline\Pipeline->Illuminate\Pipeline\{closure}(Object(Illuminate\Http\Request))
#44 /www/wwwroot/2ddjjcs/lijun/vendor/laravel/framework/src/Illuminate/Pipeline/Pipeline.php(102): Illuminate\Routing\Pipeline->Illuminate\Routing\{closure}(Object(Illuminate\Http\Request))
#45 /www/wwwroot/2ddjjcs/lijun/vendor/laravel/framework/src/Illuminate/Foundation/Http/Kernel.php(151): Illuminate\Pipeline\Pipeline->then(Object(Closure))
#46 /www/wwwroot/2ddjjcs/lijun/vendor/laravel/framework/src/Illuminate/Foundation/Http/Kernel.php(116): Illuminate\Foundation\Http\Kernel->sendRequestThroughRouter(Object(Illuminate\Http\Request))
#47 /www/wwwroot/2ddjjcs/lijun/public/index.php(53): Illuminate\Foundation\Http\Kernel->handle(Object(Illuminate\Http\Request))
#48 {main}  
[2024-07-14 08:01:44] local.INFO: {"name":"jojo0703","amount":705,"api_id":286,"time":"20240714080144","type":2,"after_money":"-66071.69","api_name":"JD","date":"2024-07-14 08:01:44"}  
[2024-07-14 08:03:26] local.INFO: {"name":"jojo0703","amount":"705.01","api_id":286,"time":"20240714080326","type":1,"before_amount":"-65366.69","api_name":"JD","date":"2024-07-14 08:03:26"}  
[2024-07-14 08:57:28] local.INFO: {"name":"jojo0703","amount":705,"api_id":286,"time":"20240714085728","type":2,"after_money":"-66071.70","api_name":"JD","date":"2024-07-14 08:57:28"}  
[2024-07-14 08:58:17] local.INFO: {"name":"jojo0703","amount":"705.01","api_id":286,"time":"20240714085817","type":1,"before_amount":"-65366.70","api_name":"JD","date":"2024-07-14 08:58:17"}  
[2024-07-14 09:55:18] local.INFO: {"name":"jojo0703","amount":"24.54","api_id":286,"time":"20240714095518","type":1,"before_amount":"-66071.71","api_name":"JD","date":"2024-07-14 09:55:18"}  
[2024-07-14 13:26:16] local.INFO: 管理员IP182.239.88.90--管理员ID->2  
[2024-07-14 13:26:45] local.INFO: {"name":"jojo0703","amount":"105.55","api_id":286,"time":"20240714132645","type":1,"before_amount":"-66096.25","api_name":"JD","date":"2024-07-14 13:26:45"}  
[2024-07-14 13:37:16] local.INFO: 管理员IP182.239.88.90--管理员ID->2  
[2024-07-14 13:48:25] local.INFO: {"name":"jojo0703","amount":"210.57","api_id":286,"time":"20240714134825","type":1,"before_amount":"-66201.80","api_name":"JD","date":"2024-07-14 13:48:25"}  
[2024-07-14 14:45:09] local.INFO: 管理员IP182.239.88.60--管理员ID->2  
[2024-07-14 14:46:31] local.INFO: {"name":"jojo0703","amount":"123.22","api_id":298,"time":"20240714144631","type":1,"before_amount":"1687.16","api_name":"PG","date":"2024-07-14 14:46:31"}  
[2024-07-14 14:49:25] local.INFO: {"name":"jojo0703","amount":123,"api_id":298,"time":"20240714144925","type":2,"after_money":"1563.94","api_name":"PG","date":"2024-07-14 14:49:25"}  
[2024-07-14 14:49:40] local.INFO: {"name":"jojo0703","amount":"123.22","api_id":286,"time":"20240714144940","type":1,"before_amount":"-66412.37","api_name":"JD","date":"2024-07-14 14:49:40"}  
[2024-07-14 15:59:02] local.INFO: 管理员IP182.239.88.60--管理员ID->2  
[2024-07-14 15:59:48] local.INFO: {"name":"jojo0703","amount":"115.22","api_id":286,"time":"20240714155948","type":1,"before_amount":"-66535.59","api_name":"JD","date":"2024-07-14 15:59:48"}  
[2024-07-14 17:07:48] local.INFO: 管理员IP182.239.88.60--管理员ID->2  
[2024-07-14 17:10:22] local.INFO: {"name":"jojo0703","amount":"111.74","api_id":286,"time":"20240714171022","type":1,"before_amount":"-66650.81","api_name":"JD","date":"2024-07-14 17:10:22"}  
[2024-07-14 18:29:03] local.INFO: {"name":"jojo0703","amount":"24.80","api_id":286,"time":"20240714182903","type":1,"before_amount":"-66762.55","api_name":"JD","date":"2024-07-14 18:29:03"}  
[2024-07-14 21:34:37] local.INFO: 管理员IP182.239.88.60--管理员ID->2  
[2024-07-14 21:35:04] local.INFO: {"name":"jojo0703","amount":"105.81","api_id":286,"time":"20240714213504","type":1,"before_amount":"-66787.35","api_name":"JD","date":"2024-07-14 21:35:04"}  
[2024-07-14 22:06:40] local.INFO: 管理员IP182.239.88.60--管理员ID->2  
[2024-07-14 22:07:32] local.INFO: {"name":"jojo0703","amount":"114.88","api_id":286,"time":"20240714220732","type":1,"before_amount":"-66893.16","api_name":"JD","date":"2024-07-14 22:07:32"}  
[2024-07-14 23:03:56] local.INFO: {"name":"yipchimin","amount":"10.43","api_id":298,"time":"20240714230356","type":1,"before_amount":"1687.16","api_name":"PG","date":"2024-07-14 23:03:56"}  
[2024-07-14 23:04:11] local.INFO: 管理员IP182.239.88.60--管理员ID->2  
[2024-07-14 23:38:51] local.INFO: {"name":"yipchimin","amount":"30","api_id":298,"time":"20240714233851","type":1,"before_amount":"1677.16","api_name":"PG","date":"2024-07-14 23:38:51"}  
[2024-07-14 23:41:09] local.INFO: {"name":"yipchimin","amount":"20","api_id":298,"time":"20240714234109","type":1,"before_amount":"1647.16","api_name":"PG","date":"2024-07-14 23:41:09"}  
